2025-05-25 17:51:34 - VoiceChannelBot - INFO - Starting Discord Voice Channel Bot...
2025-05-25 17:51:35 - VoiceChannelBot - INFO - Synced 4 slash commands
2025-05-25 17:51:37 - VoiceChannelBot - INFO - roofbot#3779 has connected to Discord!
2025-05-25 17:51:37 - VoiceChannelBot - INFO - Bot is in 0 servers
2025-05-25 17:51:39 - VoiceChannelBot - INFO - Starting Discord Voice Channel Bot...
2025-05-25 17:51:59 - VoiceChannelBot - INFO - Starting Discord Voice Channel Bot...
2025-05-25 17:52:19 - VoiceChannelBot - INFO - Starting Discord Voice Channel Bot...
2025-05-25 17:53:35 - VoiceChannelBot - INFO - Synced 4 slash commands
2025-05-25 17:53:37 - VoiceChannelBot - INFO - roofbot#3779 has connected to Discord!
2025-05-25 17:53:37 - VoiceChannelBot - INFO - Bot is in 0 servers
2025-05-25 18:03:32 - VoiceChannelBot - INFO - Created temporary channels category: Temporary Channels
2025-05-25 18:04:14 - VoiceChannelBot - INFO - Created temporary voice channel: test by lyvisss
2025-05-25 18:04:25 - VoiceChannelBot - INFO - Deleting empty temporary channel: test
2025-05-25 18:12:38 - VoiceChannelBot - INFO - Starting Discord Voice Channel Bot...
2025-05-25 18:12:39 - VoiceChannelBot - INFO - Synced 5 slash commands
2025-05-25 18:12:41 - VoiceChannelBot - INFO - roofbot#3779 has connected to Discord!
2025-05-25 18:12:41 - VoiceChannelBot - INFO - Bot is in 1 servers
2025-05-25 18:18:39 - VoiceChannelBot - INFO - Created gaming voice channel: PC - mobile Legends - VissS by lyvisss
2025-05-25 18:18:48 - VoiceChannelBot - INFO - Deleting empty temporary channel: PC - mobile Legends - VissS
2025-05-25 18:39:45 - VoiceChannelBot - INFO - Created gaming voice channel: PC - Dota 2 - VissS by lyvisss
2025-05-25 18:40:30 - VoiceChannelBot - INFO - Deleting empty temporary channel: PC - Dota 2 - VissS
2025-05-25 19:51:24 - VoiceChannelBot - INFO - Starting Discord Voice Channel Bot...
2025-05-25 19:51:25 - VoiceChannelBot - INFO - Synced 11 slash commands
2025-05-25 19:51:27 - VoiceChannelBot - INFO - roofbot#3779 has connected to Discord!
2025-05-25 19:51:27 - VoiceChannelBot - INFO - Bot is in 1 servers
2025-05-25 19:57:46 - VoiceChannelBot - INFO - Created platform category: 🎮 PC Gaming
2025-05-25 19:57:46 - VoiceChannelBot - INFO - Created gaming voice channel: PC Room 1 by lyvisss
2025-05-25 19:58:12 - VoiceChannelBot - INFO - Deleting empty temporary channel: PC Room 1
2025-05-25 19:58:17 - VoiceChannelBot - INFO - Created platform category: 🎮 Mobile Gaming
2025-05-25 19:58:18 - VoiceChannelBot - INFO - Created gaming voice channel: Mobile Room 1 by lyvisss
2025-05-25 20:00:06 - VoiceChannelBot - INFO - Deleting empty temporary channel: Mobile Room 1
2025-05-25 20:09:38 - VoiceChannelBot - INFO - Starting Discord Voice Channel Bot...
2025-05-25 20:09:39 - VoiceChannelBot - INFO - Synced 9 slash commands
2025-05-25 20:09:41 - VoiceChannelBot - INFO - roofbot#3779 has connected to Discord!
2025-05-25 20:09:41 - VoiceChannelBot - INFO - Bot is in 1 servers
2025-05-25 20:15:22 - VoiceChannelBot - INFO - Created platform category: 🎮 Switch Gaming
2025-05-25 20:15:22 - VoiceChannelBot - INFO - Created gaming voice channel: #1 - LOL's VissS by lyvisss
2025-05-25 20:15:44 - VoiceChannelBot - INFO - Deleting empty temporary channel: #1 - LOL's VissS
2025-05-25 20:21:39 - VoiceChannelBot - INFO - Created gaming voice channel: #2 - asd's VissS by lyvisss
2025-05-25 20:24:51 - VoiceChannelBot - INFO - Deleting empty temporary channel: #2 - asd's VissS
2025-05-25 20:33:38 - VoiceChannelBot - INFO - Created platform category: 🎮 Xbox Gaming
2025-05-25 20:33:39 - VoiceChannelBot - INFO - Created gaming voice channel: #1 - Warhammer's VissS by lyvisss
2025-05-25 20:34:51 - VoiceChannelBot - INFO - Deleting empty temporary channel: #1 - Warhammer's VissS
